

Started GET "/" for ::1 at 2017-01-01 23:00:16 -0500
Processing by Rails::WelcomeController#index as HTML
  Rendered /Users/mjhowell/.rvm/gems/ruby-2.2.3/gems/railties-4.2.5.1/lib/rails/templates/rails/welcome/index.html.erb (2.8ms)
Completed 200 OK in 30ms (Views: 16.5ms | ActiveRecord: 0.0ms)


Started GET "/" for ::1 at 2017-01-02 00:02:58 -0500
Processing by Rails::WelcomeController#index as HTML
  Rendered /Users/mjhowell/.rvm/gems/ruby-2.2.3/gems/railties-4.2.5.1/lib/rails/templates/rails/welcome/index.html.erb (2.4ms)
Completed 200 OK in 26ms (Views: 14.7ms | ActiveRecord: 0.0ms)


Started GET "/" for ::1 at 2017-01-02 00:08:48 -0500
Processing by LandingController#home as HTML
  Rendered landing/home.html.erb within layouts/application (1.5ms)
Completed 200 OK in 1125ms (Views: 1115.4ms | ActiveRecord: 0.0ms)


Started GET "/assets/landing.self-e3b0c44298fc1c149afbf4c8996fb92427ae41e4649b934ca495991b7852b855.css?body=1" for ::1 at 2017-01-02 00:08:49 -0500


Started GET "/assets/application.self-e80e8f2318043e8af94dddc2adad5a4f09739a8ebb323b3ab31cd71d45fd9113.css?body=1" for ::1 at 2017-01-02 00:08:49 -0500


Started GET "/assets/jquery.self-a714331225dda820228db323939889f149aec0127aeb06255646b616ba1ca419.js?body=1" for ::1 at 2017-01-02 00:08:49 -0500


Started GET "/assets/application.self-3b8dabdc891efe46b9a144b400ad69e37d7e5876bdc39dee783419a69d7ca819.js?body=1" for ::1 at 2017-01-02 00:08:49 -0500


Started GET "/assets/turbolinks.self-c5acd7a204f5f25ce7a1d8a0e4d92e28d34c9e2df2c7371cd7af88e147e4ad82.js?body=1" for ::1 at 2017-01-02 00:08:49 -0500


Started GET "/assets/jquery_ujs.self-d456baa54c1fa6be2ec3711f0a72ddf7a5b2f34a6b4f515f33767d6207b7d4b3.js?body=1" for ::1 at 2017-01-02 00:08:49 -0500


Started GET "/assets/landing.self-877aef30ae1b040ab8a3aba4e3e309a11d7f2612f44dde450b5c157aa5f95c05.js?body=1" for ::1 at 2017-01-02 00:08:49 -0500


Started GET "/" for ::1 at 2017-01-02 00:11:09 -0500
Processing by LandingController#home as HTML
  Rendered landing/home.html.erb within layouts/application (1.7ms)
Completed 200 OK in 266ms (Views: 255.0ms | ActiveRecord: 0.0ms)


Started GET "/" for ::1 at 2017-01-02 00:12:11 -0500
Processing by LandingController#home as HTML
  Rendered landing/home.html.erb within layouts/application (0.8ms)
Completed 200 OK in 26ms (Views: 25.0ms | ActiveRecord: 0.0ms)


Started GET "/" for ::1 at 2017-01-02 00:14:12 -0500
Processing by LandingController#home as HTML
  Rendered landing/home.html.erb within layouts/application (1.6ms)
Completed 200 OK in 309ms (Views: 297.7ms | ActiveRecord: 0.0ms)


Started GET "/" for ::1 at 2017-01-02 00:14:34 -0500
Processing by LandingController#home as HTML
  Rendered landing/home.html.erb within layouts/application (0.6ms)
Completed 200 OK in 23ms (Views: 22.8ms | ActiveRecord: 0.0ms)


Started GET "/" for ::1 at 2017-01-02 00:23:56 -0500
Processing by LandingController#home as HTML
  Rendered landing/home.html.erb within layouts/application (1.6ms)
Completed 200 OK in 277ms (Views: 267.8ms | ActiveRecord: 0.0ms)
